-------------------------------------------------------------------------------
Test set: testRunner.TestRunner1
-------------------------------------------------------------------------------
Tests run: 1, Failures: 0, Errors: 1, Skipped: 0, Time elapsed: 0.939 sec <<< FAILURE!
User Registration with different details(User Registration)  Time elapsed: 0.098 sec  <<< ERROR!
io.cucumber.junit.UndefinedStepException: The step 'user is on registration page' and 2 other step(s) are undefined.
You can implement these steps using the snippet(s) below:

@Given("user is on registration page")
public void user_is_on_registration_page() {
    // Write code here that turns the phrase above into concrete actions
    throw new io.cucumber.java.PendingException();
}
@When("user enters following details")
public void user_enters_following_details(io.cucumber.datatable.DataTable dataTable) {
    // Write code here that turns the phrase above into concrete actions
    // For automatic transformation, change DataTable to one of
    // E, List<E>, List<List<E>>, List<Map<K,V>>, Map<K,V> or
    // Map<K, List<V>>. E,K,V must be a String, Integer, Float,
    // Double, Byte, Short, Long, BigInteger or BigDecimal.
    //
    // For other transformations you can register a DataTableType.
    throw new io.cucumber.java.PendingException();
}
@Then("user registration should be successful")
public void user_registration_should_be_successful() {
    // Write code here that turns the phrase above into concrete actions
    throw new io.cucumber.java.PendingException();
}


